빌드 시작: 2015-03-16 오전 12:50:41
     1>2 노드의 "c:\Users\JunGeun\documents\visual studio 2013\Projects\AddressBook\AddressBook\AddressBook.vcxproj" 프로젝트(Build 대상)입니다.
     1>ClCompile:
         C:\Program Files (x86)\Microsoft Visual Studio 12.0\VC\bin\CL.exe /c /ZI /nologo /W3 /WX- /Od /Oy- /D WIN32 /D _DEBUG /D _CONSOLE /D _LIB /D _UNICODE /D UNICODE /Gm /EHsc /RTC1 /MDd /GS /fp:precise /Zc:wchar_t /Zc:forScope /Fo"Debug\\" /Fd"Debug\vc120.pdb" /Gd /TP /analyze- /errorReport:prompt AddressBook.cpp AddressBookMain.cpp
         AddressBookMain.cpp
     1>c:\users\jungeun\documents\visual studio 2013\projects\addressbook\addressbook\addressbookmain.cpp(19): warning C4996: 'fopen': This function or variable may be unsafe. Consider using fopen_s instead. To disable deprecation, use _CRT_SECURE_NO_WARNINGS. See online help for details.
                 c:\program files (x86)\microsoft visual studio 12.0\vc\include\stdio.h(211) : 'fopen' 선언을 참조하십시오.
     1>c:\users\jungeun\documents\visual studio 2013\projects\addressbook\addressbook\addressbookmain.cpp(22): warning C4996: 'fscanf': This function or variable may be unsafe. Consider using fscanf_s instead. To disable deprecation, use _CRT_SECURE_NO_WARNINGS. See online help for details.
                 c:\program files (x86)\microsoft visual studio 12.0\vc\include\stdio.h(230) : 'fscanf' 선언을 참조하십시오.
     1>c:\users\jungeun\documents\visual studio 2013\projects\addressbook\addressbook\addressbookmain.cpp(26): warning C4996: 'fscanf': This function or variable may be unsafe. Consider using fscanf_s instead. To disable deprecation, use _CRT_SECURE_NO_WARNINGS. See online help for details.
                 c:\program files (x86)\microsoft visual studio 12.0\vc\include\stdio.h(230) : 'fscanf' 선언을 참조하십시오.
     1>c:\users\jungeun\documents\visual studio 2013\projects\addressbook\addressbook\addressbookmain.cpp(31): warning C4996: 'fscanf': This function or variable may be unsafe. Consider using fscanf_s instead. To disable deprecation, use _CRT_SECURE_NO_WARNINGS. See online help for details.
                 c:\program files (x86)\microsoft visual studio 12.0\vc\include\stdio.h(230) : 'fscanf' 선언을 참조하십시오.
         AddressBook.cpp
         코드를 생성하고 있습니다...
       Link:
         C:\Program Files (x86)\Microsoft Visual Studio 12.0\VC\bin\link.exe /ERRORREPORT:PROMPT /OUT:"c:\users\jungeun\documents\visual studio 2013\Projects\AddressBook\Debug\AddressBook.exe" /INCREMENTAL /NOLOGO kernel32.lib user32.lib gdi32.lib winspool.lib comdlg32.lib advapi32.lib shell32.lib ole32.lib oleaut32.lib uuid.lib odbc32.lib odbccp32.lib /MANIFEST /MANIFESTUAC:"level='asInvoker' uiAccess='false'" /manifest:embed /DEBUG /PDB:"c:\users\jungeun\documents\visual studio 2013\Projects\AddressBook\Debug\AddressBook.pdb" /SUBSYSTEM:CONSOLE /TLBID:1 /DYNAMICBASE /NXCOMPAT /IMPLIB:"c:\users\jungeun\documents\visual studio 2013\Projects\AddressBook\Debug\AddressBook.lib" /MACHINE:X86 Debug\AddressBook.obj
         Debug\AddressBookMain.obj
         AddressBook.vcxproj -> c:\users\jungeun\documents\visual studio 2013\Projects\AddressBook\Debug\AddressBook.exe
     1>"c:\Users\JunGeun\documents\visual studio 2013\Projects\AddressBook\AddressBook\AddressBook.vcxproj" 프로젝트를 빌드했습니다(Build 대상).

빌드했습니다.

경과 시간: 00:00:02.38
